\BOOKMARK [1][-]{Doc-Start}{\376\377\000C\000o\000n\000t\000e\000n\000t\000s}{}% 1
\BOOKMARK [1][-]{section.1}{\376\377\000I\000n\000t\000r\000o\000d\000u\000c\000t\000i\000o\000n}{}% 2
\BOOKMARK [1][-]{section.2}{\376\377\000T\000i\000m\000e\000\040\000S\000e\000r\000i\000e\000s\000\040\000M\000o\000d\000e\000l\000s}{}% 3
\BOOKMARK [1][-]{section.3}{\376\377\000M\000e\000t\000h\000o\000d\000o\000l\000o\000g\000y}{}% 4
\BOOKMARK [2][-]{subsection.3.1}{\376\377\000R\000e\000s\000e\000a\000r\000c\000h\000\040\000Q\000u\000e\000s\000t\000i\000o\000n\000s}{section.3}% 5
\BOOKMARK [2][-]{subsection.3.2}{\376\377\000D\000a\000t\000a}{section.3}% 6
\BOOKMARK [2][-]{subsection.3.3}{\376\377\000M\000o\000d\000e\000l\000s}{section.3}% 7
\BOOKMARK [3][-]{subsubsection.3.3.1}{\376\377\000G\000A\000R\000C\000H\000\050\0001\000,\0001\000\051}{subsection.3.3}% 8
\BOOKMARK [3][-]{subsubsection.3.3.2}{\376\377\000S\000t\000o\000c\000h\000a\000s\000t\000i\000c\000\040\000V\000o\000l\000a\000t\000i\000l\000i\000t\000y}{subsection.3.3}% 9
\BOOKMARK [2][-]{subsection.3.4}{\376\377\000H\000a\000m\000i\000l\000t\000o\000n\000i\000a\000n\000\040\000M\000o\000n\000t\000e\000\040\000C\000a\000r\000l\000o\000\040\000\050\000G\000e\000n\000e\000r\000a\000l\000\040\000I\000d\000e\000a\000\051}{section.3}% 10
\BOOKMARK [2][-]{subsection.3.5}{\376\377\000H\000a\000m\000i\000l\000t\000o\000n\000i\000a\000n\000\040\000M\000o\000n\000t\000e\000\040\000C\000a\000r\000l\000o\000\040\000\050\000D\000e\000t\000a\000i\000l\000s\000\051}{section.3}% 11
\BOOKMARK [2][-]{subsection.3.6}{\376\377\000P\000a\000r\000a\000m\000e\000t\000e\000r\000\040\000E\000s\000t\000i\000m\000a\000t\000i\000o\000n}{section.3}% 12
\BOOKMARK [2][-]{subsection.3.7}{\376\377\000P\000a\000r\000a\000m\000e\000t\000e\000r\000\040\000U\000p\000d\000a\000t\000e\000s}{section.3}% 13
\BOOKMARK [2][-]{subsection.3.8}{\376\377\000P\000r\000e\000d\000i\000c\000t\000i\000o\000n\000\040\000a\000n\000d\000\040\000P\000r\000o\000p\000a\000g\000a\000t\000i\000o\000n}{section.3}% 14
\BOOKMARK [2][-]{subsection.3.9}{\376\377\000P\000e\000r\000f\000o\000r\000m\000a\000n\000c\000e\000\040\000C\000o\000m\000p\000a\000r\000i\000s\000o\000n}{section.3}% 15
\BOOKMARK [1][-]{section.4}{\376\377\000R\000e\000s\000u\000l\000t\000s}{}% 16
\BOOKMARK [2][-]{subsection.4.1}{\376\377\000G\000A\000R\000C\000H\000\040\000P\000a\000r\000a\000m\000e\000t\000e\000r\000\040\000E\000s\000t\000i\000m\000a\000t\000e\000s}{section.4}% 17
\BOOKMARK [3][-]{subsubsection.4.1.1}{\376\377\0002\0000\0000\0006\000-\0001\0005}{subsection.4.1}% 18
\BOOKMARK [3][-]{subsubsection.4.1.2}{\376\377\0002\0000\0000\0008\000-\0001\0007}{subsection.4.1}% 19
\BOOKMARK [3][-]{subsubsection.4.1.3}{\376\377\0002\0000\0001\0000\000-\0001\0009}{subsection.4.1}% 20
\BOOKMARK [2][-]{subsection.4.2}{\376\377\000S\000t\000o\000c\000h\000a\000s\000t\000i\000c\000\040\000V\000o\000l\000a\000t\000i\000l\000i\000t\000y\000\040\000P\000a\000r\000a\000m\000e\000t\000e\000r\000\040\000E\000s\000t\000i\000m\000a\000t\000e\000s}{section.4}% 21
\BOOKMARK [3][-]{subsubsection.4.2.1}{\376\377\0002\0000\0000\0006\000-\0001\0005}{subsection.4.2}% 22
\BOOKMARK [3][-]{subsubsection.4.2.2}{\376\377\0002\0000\0000\0008\000-\0001\0007}{subsection.4.2}% 23
\BOOKMARK [3][-]{subsubsection.4.2.3}{\376\377\0002\0000\0001\0000\000-\0001\0009}{subsection.4.2}% 24
\BOOKMARK [2][-]{subsection.4.3}{\376\377\000C\000o\000m\000p\000a\000r\000i\000n\000g\000\040\000S\000u\000m\000\040\000o\000f\000\040\000S\000q\000u\000a\000r\000e\000d\000\040\000E\000r\000r\000o\000r\000s\000\040\000o\000f\000\040\000E\000s\000t\000i\000m\000a\000t\000e\000d\000\040\000R\000e\000t\000u\000r\000n\000s}{section.4}% 25
\BOOKMARK [2][-]{subsection.4.4}{\376\377\000C\000o\000m\000p\000a\000r\000i\000n\000g\000\040\000C\000a\000p\000t\000u\000r\000e\000\040\000i\000n\000\040\0009\0005\000\040\000P\000e\000r\000c\000e\000n\000t\000\040\000B\000a\000n\000d}{section.4}% 26
\BOOKMARK [1][-]{section.5}{\376\377\000D\000i\000s\000c\000u\000s\000s\000i\000o\000n}{}% 27
\BOOKMARK [1][-]{section.6}{\376\377\000F\000u\000r\000t\000h\000e\000r\000\040\000S\000t\000u\000d\000i\000e\000s}{}% 28
\BOOKMARK [1][-]{appendix.A}{\376\377\000C\000o\000d\000e\000s}{}% 29
\BOOKMARK [2][-]{subsection.A.1}{\376\377\000D\000a\000t\000a\000\040\000P\000r\000e\000p\000a\000r\000a\000t\000i\000o\000n\000\040\000a\000n\000d\000\040\000E\000x\000p\000l\000o\000r\000a\000t\000i\000o\000n}{appendix.A}% 30
\BOOKMARK [2][-]{subsection.A.2}{\376\377\000S\000t\000a\000n\000\040\000M\000o\000d\000e\000l\000s}{appendix.A}% 31
\BOOKMARK [2][-]{subsection.A.3}{\376\377\000F\000i\000t\000t\000i\000n\000g}{appendix.A}% 32
\BOOKMARK [2][-]{subsection.A.4}{\376\377\000P\000r\000e\000d\000i\000c\000t\000i\000o\000n}{appendix.A}% 33
\BOOKMARK [2][-]{subsection.A.5}{\376\377\000P\000e\000r\000f\000o\000r\000m\000a\000n\000c\000e\000\040\000C\000o\000m\000p\000a\000r\000i\000s\000o\000n}{appendix.A}% 34
